[0m2021.11.18 13:33:15 INFO  Started: Metals version 0.10.7 in workspace '/Users/tanjimhossain/Bytes/poc-wormhole/memreqpolyglot' for client coc.nvim 0.0.80.[0m
[0m2021.11.18 13:33:16 INFO  time: initialize in 1.58s[0m
[0m2021.11.18 13:33:17 WARN  Build server is not auto-connectable.[0m
[0m2021.11.18 13:33:17 WARN  no build target for: /Users/tanjimhossain/Bytes/poc-wormhole/memreqpolyglot/src/main/scala/Main.scala[0m
[0m2021.11.18 13:33:19 INFO  running '/Users/tanjimhossain/.asdf/installs/java/openjdk-16/bin/java -Djline.terminal=jline.UnsupportedTerminal -Dsbt.log.noformat=true -Dfile.encoding=UTF-8 -jar /var/folders/3r/bmpgsb7x1wvf3l0p7c0n6ms80000gn/T/metals16275039531273389693/sbt-launch.jar -Dbloop.export-jar-classifiers=sources bloopInstall'[0m
[0m2021.11.18 13:33:21 INFO  [info] welcome to sbt 1.5.5 (Oracle Corporation Java 16)[0m
[0m2021.11.18 13:33:22 INFO  no build target: using presentation compiler with only scala-library: 2.12.15[0m
[0m2021.11.18 13:33:23 INFO  [info] loading global plugins from /Users/tanjimhossain/.sbt/1.0/plugins[0m
Nov 18, 2021 1:33:25 PM scala.meta.internal.pc.CompilerAccess handleError
SEVERE: file%3A%2F%2F%2FUsers%2Ftanjimhossain%2FBytes%2Fpoc-wormhole%2Fmemreqpolyglot%2Fsrc%2Fmain%2Fscala%2FMain.scala:1: error: expected start of definition
@main def hello: Unit = 
      ^
file%3A%2F%2F%2FUsers%2Ftanjimhossain%2FBytes%2Fpoc-wormhole%2Fmemreqpolyglot%2Fsrc%2Fmain%2Fscala%2FMain.scala:1: error: expected start of definition
@main def hello: Unit = 
      ^
	at scala.meta.internal.parsers.Reporter.syntaxError(Reporter.scala:16)
	at scala.meta.internal.parsers.Reporter.syntaxError$(Reporter.scala:16)
	at scala.meta.internal.parsers.Reporter$$anon$1.syntaxError(Reporter.scala:22)
	at scala.meta.internal.parsers.Reporter.syntaxError(Reporter.scala:17)
	at scala.meta.internal.parsers.Reporter.syntaxError$(Reporter.scala:17)
	at scala.meta.internal.parsers.Reporter$$anon$1.syntaxError(Reporter.scala:22)
	at scala.meta.internal.parsers.ScalametaParser.tmplDef(ScalametaParser.scala:4566)
	at scala.meta.internal.parsers.ScalametaParser.topLevelTmplDef(ScalametaParser.scala:4540)
	at scala.meta.internal.parsers.ScalametaParser$$anonfun$topStat$1.applyOrElse(ScalametaParser.scala:5079)
	at scala.meta.internal.parsers.ScalametaParser$$anonfun$topStat$1.applyOrElse(ScalametaParser.scala:5067)
	at scala.runtime.AbstractPartialFunction.apply(AbstractPartialFunction.scala:38)
	at scala.meta.internal.parsers.ScalametaParser.statSeq(ScalametaParser.scala:5057)
	at scala.meta.internal.parsers.ScalametaParser.topStatSeq(ScalametaParser.scala:5066)
	at scala.meta.internal.parsers.ScalametaParser.$anonfun$batchSource$1(ScalametaParser.scala:5297)
	at scala.meta.internal.parsers.ScalametaParser.atPos(ScalametaParser.scala:888)
	at scala.meta.internal.parsers.ScalametaParser.autoPos(ScalametaParser.scala:922)
	at scala.meta.internal.parsers.ScalametaParser.batchSource(ScalametaParser.scala:5256)
	at scala.meta.internal.parsers.ScalametaParser.$anonfun$source$1(ScalametaParser.scala:5239)
	at scala.meta.internal.parsers.ScalametaParser.atPos(ScalametaParser.scala:888)
	at scala.meta.internal.parsers.ScalametaParser.autoPos(ScalametaParser.scala:922)
	at scala.meta.internal.parsers.ScalametaParser.source(ScalametaParser.scala:5238)
	at scala.meta.internal.parsers.ScalametaParser.entrypointSource(ScalametaParser.scala:5244)
	at scala.meta.internal.parsers.ScalametaParser.$anonfun$parseSource$2(ScalametaParser.scala:143)
	at scala.meta.internal.parsers.ScalametaParser.parseRule(ScalametaParser.scala:53)
	at scala.meta.internal.parsers.ScalametaParser.parseSource(ScalametaParser.scala:143)
	at scala.meta.parsers.Parse$.$anonfun$parseSource$1(Parse.scala:29)
	at scala.meta.internal.parsers.ScalametaParser$$anon$264.apply(ScalametaParser.scala:5308)
	at scala.meta.parsers.Api$XtensionParseDialectInput.parse(Api.scala:25)
	at scala.meta.internal.semanticdb.scalac.ParseOps$XtensionCompilationUnitSource.toSource(ParseOps.scala:17)
	at scala.meta.internal.semanticdb.scalac.TextDocumentOps$XtensionCompilationUnitDocument.toTextDocument(TextDocumentOps.scala:201)
	at scala.meta.internal.pc.SemanticdbTextDocumentProvider.textDocument(SemanticdbTextDocumentProvider.scala:51)

Nov 18, 2021 1:33:25 PM scala.meta.internal.pc.CompilerAccess handleError
SEVERE: file%3A%2F%2F%2FUsers%2Ftanjimhossain%2FBytes%2Fpoc-wormhole%2Fmemreqpolyglot%2Fsrc%2Fmain%2Fscala%2FMain.scala:1: error: expected start of definition
@main def hello: Unit = 
      ^
file%3A%2F%2F%2FUsers%2Ftanjimhossain%2FBytes%2Fpoc-wormhole%2Fmemreqpolyglot%2Fsrc%2Fmain%2Fscala%2FMain.scala:1: error: expected start of definition
@main def hello: Unit = 
      ^
	at scala.meta.internal.parsers.Reporter.syntaxError(Reporter.scala:16)
	at scala.meta.internal.parsers.Reporter.syntaxError$(Reporter.scala:16)
	at scala.meta.internal.parsers.Reporter$$anon$1.syntaxError(Reporter.scala:22)
	at scala.meta.internal.parsers.Reporter.syntaxError(Reporter.scala:17)
	at scala.meta.internal.parsers.Reporter.syntaxError$(Reporter.scala:17)
	at scala.meta.internal.parsers.Reporter$$anon$1.syntaxError(Reporter.scala:22)
	at scala.meta.internal.parsers.ScalametaParser.tmplDef(ScalametaParser.scala:4566)
	at scala.meta.internal.parsers.ScalametaParser.topLevelTmplDef(ScalametaParser.scala:4540)
	at scala.meta.internal.parsers.ScalametaParser$$anonfun$topStat$1.applyOrElse(ScalametaParser.scala:5079)
	at scala.meta.internal.parsers.ScalametaParser$$anonfun$topStat$1.applyOrElse(ScalametaParser.scala:5067)
	at scala.runtime.AbstractPartialFunction.apply(AbstractPartialFunction.scala:38)
	at scala.meta.internal.parsers.ScalametaParser.statSeq(ScalametaParser.scala:5057)
	at scala.meta.internal.parsers.ScalametaParser.topStatSeq(ScalametaParser.scala:5066)
	at scala.meta.internal.parsers.ScalametaParser.$anonfun$batchSource$1(ScalametaParser.scala:5297)
	at scala.meta.internal.parsers.ScalametaParser.atPos(ScalametaParser.scala:888)
	at scala.meta.internal.parsers.ScalametaParser.autoPos(ScalametaParser.scala:922)
	at scala.meta.internal.parsers.ScalametaParser.batchSource(ScalametaParser.scala:5256)
	at scala.meta.internal.parsers.ScalametaParser.$anonfun$source$1(ScalametaParser.scala:5239)
	at scala.meta.internal.parsers.ScalametaParser.atPos(ScalametaParser.scala:888)
	at scala.meta.internal.parsers.ScalametaParser.autoPos(ScalametaParser.scala:922)
	at scala.meta.internal.parsers.ScalametaParser.source(ScalametaParser.scala:5238)
	at scala.meta.internal.parsers.ScalametaParser.entrypointSource(ScalametaParser.scala:5244)
	at scala.meta.internal.parsers.ScalametaParser.$anonfun$parseSource$2(ScalametaParser.scala:143)
	at scala.meta.internal.parsers.ScalametaParser.parseRule(ScalametaParser.scala:53)
	at scala.meta.internal.parsers.ScalametaParser.parseSource(ScalametaParser.scala:143)
	at scala.meta.parsers.Parse$.$anonfun$parseSource$1(Parse.scala:29)
	at scala.meta.internal.parsers.ScalametaParser$$anon$264.apply(ScalametaParser.scala:5308)
	at scala.meta.parsers.Api$XtensionParseDialectInput.parse(Api.scala:25)
	at scala.meta.internal.semanticdb.scalac.ParseOps$XtensionCompilationUnitSource.toSource(ParseOps.scala:17)
	at scala.meta.internal.semanticdb.scalac.TextDocumentOps$XtensionCompilationUnitDocument.toTextDocument(TextDocumentOps.scala:201)
	at scala.meta.internal.pc.SemanticdbTextDocumentProvider.textDocument(SemanticdbTextDocumentProvider.scala:51)

[0m2021.11.18 13:33:26 INFO  [info] loading settings for project memreqpolyglot-build-build from metals.sbt ...[0m
[0m2021.11.18 13:33:26 INFO  [info] loading project definition from /Users/tanjimhossain/Bytes/poc-wormhole/memreqpolyglot/project/project[0m
[0m2021.11.18 13:33:28 INFO  [info] loading settings for project memreqpolyglot-build from metals.sbt ...[0m
[0m2021.11.18 13:33:28 INFO  [info] loading project definition from /Users/tanjimhossain/Bytes/poc-wormhole/memreqpolyglot/project[0m
[0m2021.11.18 13:33:29 INFO  [success] Generated .bloop/memreqpolyglot-build.json[0m
[0m2021.11.18 13:33:29 INFO  [success] Total time: 2 s, completed Nov 18, 2021, 1:33:29 PM[0m
[0m2021.11.18 13:33:30 INFO  [info] loading settings for project root from build.sbt ...[0m
[0m2021.11.18 13:33:30 INFO  [info] set current project to memreqpolyglot (in build file:/Users/tanjimhossain/Bytes/poc-wormhole/memreqpolyglot/)[0m
[0m2021.11.18 13:33:35 INFO  [success] Generated .bloop/root.json[0m
[0m2021.11.18 13:33:35 INFO  [success] Generated .bloop/root-test.json[0m
[0m2021.11.18 13:33:35 INFO  [success] Total time: 4 s, completed Nov 18, 2021, 1:33:35 PM[0m
[0m2021.11.18 13:33:35 INFO  time: ran 'sbt bloopInstall' in 15s[0m
[0m2021.11.18 13:33:35 INFO  Attempting to connect to the build server...[0m
Starting the bsp launcher for bloop...
Opening a bsp server connection with 'bsp --protocol local --socket /var/folders/3r/bmpgsb7x1wvf3l0p7c0n6ms80000gn/T/bsp-launcher17884101344568038461/bsp.socket'...
Waiting for the bsp connection to come up...
Waiting for the bsp connection to come up...
Waiting for the bsp connection to come up...
Waiting for the bsp connection to come up...
Waiting for the bsp connection to come up...
Waiting for the bsp connection to come up...
No server running at 127.0.0.1:8212, let's fire one...
Resolving ch.epfl.scala:bloop-frontend_2.12:1.4.9...
Starting bloop server at 127.0.0.1:8212...
Attempting a connection to the server...
Attempting a connection to the server...
Attempting a connection to the server...
Attempting a connection to the server...
Attempting a connection to the server...
Attempting a connection to the server...
Attempting a connection to the server...
Attempting a connection to the server...
Attempting a connection to the server...
Attempting a connection to the server...
Attempting a connection to the server...
Attempting a connection to the server...
Attempting a connection to the server...
Attempting a connection to the server...
Attempting a connection to the server...
Attempting a connection to the server...
Attempting a connection to the server...
Attempting a connection to the server...
Attempting a connection to the server...
Attempting a connection to the server...
[0m[32m[D][0m Loading 2 projects from '/Users/tanjimhossain/Bytes/poc-wormhole/memreqpolyglot/.bloop'...
[0m[32m[D][0m Loading project from '/Users/tanjimhossain/Bytes/poc-wormhole/memreqpolyglot/.bloop/root.json'
[0m[32m[D][0m Loading project from '/Users/tanjimhossain/Bytes/poc-wormhole/memreqpolyglot/.bloop/root-test.json'
[0m[32m[D][0m Cache miss for scala instance org.scala-lang:scala-compiler:3.1.0.
[0m[32m[D][0m   => /Users/tanjimhossain/Library/Caches/Coursier/v1/https/repo1.maven.org/maven2/com/fasterxml/jackson/core/jackson-annotations/2.2.3/jackson-annotations-2.2.3.jar
[0m[32m[D][0m   => /Users/tanjimhossain/Library/Caches/Coursier/v1/https/repo1.maven.org/maven2/com/fasterxml/jackson/core/jackson-core/2.9.8/jackson-core-2.9.8.jar
[0m[32m[D][0m   => /Users/tanjimhossain/Library/Caches/Coursier/v1/https/repo1.maven.org/maven2/com/fasterxml/jackson/core/jackson-databind/2.2.3/jackson-databind-2.2.3.jar
[0m[32m[D][0m   => /Users/tanjimhossain/Library/Caches/Coursier/v1/https/repo1.maven.org/maven2/com/fasterxml/jackson/dataformat/jackson-dataformat-yaml/2.9.8/jackson-dataformat-yaml-2.9.8.jar
[0m[32m[D][0m   => /Users/tanjimhossain/Library/Caches/Coursier/v1/https/repo1.maven.org/maven2/com/google/protobuf/protobuf-java/3.7.0/protobuf-java-3.7.0.jar
[0m[32m[D][0m   => /Users/tanjimhossain/Library/Caches/Coursier/v1/https/repo1.maven.org/maven2/com/vladsch/flexmark/flexmark-ext-anchorlink/0.42.12/flexmark-ext-anchorlink-0.42.12.jar
[0m[32m[D][0m   => /Users/tanjimhossain/Library/Caches/Coursier/v1/https/repo1.maven.org/maven2/com/vladsch/flexmark/flexmark-ext-autolink/0.42.12/flexmark-ext-autolink-0.42.12.jar
[0m[32m[D][0m   => /Users/tanjimhossain/Library/Caches/Coursier/v1/https/repo1.maven.org/maven2/com/vladsch/flexmark/flexmark-ext-emoji/0.42.12/flexmark-ext-emoji-0.42.12.jar
[0m[32m[D][0m   => /Users/tanjimhossain/Library/Caches/Coursier/v1/https/repo1.maven.org/maven2/com/vladsch/flexmark/flexmark-ext-gfm-strikethrough/0.42.12/flexmark-ext-gfm-strikethrough-0.42.12.jar
[0m[32m[D][0m   => /Users/tanjimhossain/Library/Caches/Coursier/v1/https/repo1.maven.org/maven2/com/vladsch/flexmark/flexmark-ext-gfm-tables/0.42.12/flexmark-ext-gfm-tables-0.42.12.jar
[0m[32m[D][0m   => /Users/tanjimhossain/Library/Caches/Coursier/v1/https/repo1.maven.org/maven2/com/vladsch/flexmark/flexmark-ext-gfm-tasklist/0.42.12/flexmark-ext-gfm-tasklist-0.42.12.jar
[0m[32m[D][0m   => /Users/tanjimhossain/Library/Caches/Coursier/v1/https/repo1.maven.org/maven2/com/vladsch/flexmark/flexmark-ext-ins/0.42.12/flexmark-ext-ins-0.42.12.jar
[0m[32m[D][0m   => /Users/tanjimhossain/Library/Caches/Coursier/v1/https/repo1.maven.org/maven2/com/vladsch/flexmark/flexmark-ext-superscript/0.42.12/flexmark-ext-superscript-0.42.12.jar
[0m[32m[D][0m   => /Users/tanjimhossain/Library/Caches/Coursier/v1/https/repo1.maven.org/maven2/com/vladsch/flexmark/flexmark-ext-tables/0.42.12/flexmark-ext-tables-0.42.12.jar
[0m[32m[D][0m   => /Users/tanjimhossain/Library/Caches/Coursier/v1/https/repo1.maven.org/maven2/com/vladsch/flexmark/flexmark-ext-wikilink/0.42.12/flexmark-ext-wikilink-0.42.12.jar
[0m[32m[D][0m   => /Users/tanjimhossain/Library/Caches/Coursier/v1/https/repo1.maven.org/maven2/com/vladsch/flexmark/flexmark-ext-yaml-front-matter/0.42.12/flexmark-ext-yaml-front-matter-0.42.12.jar
[0m[32m[D][0m   => /Users/tanjimhossain/Library/Caches/Coursier/v1/https/repo1.maven.org/maven2/com/vladsch/flexmark/flexmark-formatter/0.42.12/flexmark-formatter-0.42.12.jar
[0m[32m[D][0m   => /Users/tanjimhossain/Library/Caches/Coursier/v1/https/repo1.maven.org/maven2/com/vladsch/flexmark/flexmark-html-parser/0.42.12/flexmark-html-parser-0.42.12.jar
[0m[32m[D][0m   => /Users/tanjimhossain/Library/Caches/Coursier/v1/https/repo1.maven.org/maven2/com/vladsch/flexmark/flexmark-jira-converter/0.42.12/flexmark-jira-converter-0.42.12.jar
[0m[32m[D][0m   => /Users/tanjimhossain/Library/Caches/Coursier/v1/https/repo1.maven.org/maven2/com/vladsch/flexmark/flexmark-util/0.42.12/flexmark-util-0.42.12.jar
[0m[32m[D][0m   => /Users/tanjimhossain/Library/Caches/Coursier/v1/https/repo1.maven.org/maven2/com/vladsch/flexmark/flexmark/0.42.12/flexmark-0.42.12.jar
[0m[32m[D][0m   => /Users/tanjimhossain/Library/Caches/Coursier/v1/https/repo1.maven.org/maven2/net/java/dev/jna/jna/5.3.1/jna-5.3.1.jar
[0m[32m[D][0m   => /Users/tanjimhossain/Library/Caches/Coursier/v1/https/repo1.maven.org/maven2/nl/big-o/liqp/0.6.7/liqp-0.6.7.jar
[0m[32m[D][0m   => /Users/tanjimhossain/Library/Caches/Coursier/v1/https/repo1.maven.org/maven2/org/antlr/ST4/4.0.7/ST4-4.0.7.jar
[0m[32m[D][0m   => /Users/tanjimhossain/Library/Caches/Coursier/v1/https/repo1.maven.org/maven2/org/antlr/antlr-runtime/3.5.1/antlr-runtime-3.5.1.jar
[0m[32m[D][0m   => /Users/tanjimhossain/Library/Caches/Coursier/v1/https/repo1.maven.org/maven2/org/antlr/antlr/3.5.1/antlr-3.5.1.jar
[0m[32m[D][0m   => /Users/tanjimhossain/Library/Caches/Coursier/v1/https/repo1.maven.org/maven2/org/jline/jline-reader/3.19.0/jline-reader-3.19.0.jar
[0m[32m[D][0m   => /Users/tanjimhossain/Library/Caches/Coursier/v1/https/repo1.maven.org/maven2/org/jline/jline-terminal-jna/3.19.0/jline-terminal-jna-3.19.0.jar
[0m[32m[D][0m   => /Users/tanjimhossain/Library/Caches/Coursier/v1/https/repo1.maven.org/maven2/org/jline/jline-terminal/3.19.0/jline-terminal-3.19.0.jar
[0m[32m[D][0m   => /Users/tanjimhossain/Library/Caches/Coursier/v1/https/repo1.maven.org/maven2/org/jsoup/jsoup/1.13.1/jsoup-1.13.1.jar
[0m[32m[D][0m   => /Users/tanjimhossain/Library/Caches/Coursier/v1/https/repo1.maven.org/maven2/org/nibor/autolink/autolink/0.6.0/autolink-0.6.0.jar
[0m[32m[D][0m   => /Users/tanjimhossain/Library/Caches/Coursier/v1/https/repo1.maven.org/maven2/org/scala-lang/modules/scala-asm/9.1.0-scala-1/scala-asm-9.1.0-scala-1.jar
[0m[32m[D][0m   => /Users/tanjimhossain/Library/Caches/Coursier/v1/https/repo1.maven.org/maven2/org/scala-lang/scala-library/2.13.6/scala-library-2.13.6.jar
[0m[32m[D][0m   => /Users/tanjimhossain/Library/Caches/Coursier/v1/https/repo1.maven.org/maven2/org/scala-lang/scala3-compiler_3/3.1.0/scala3-compiler_3-3.1.0.jar
[0m[32m[D][0m   => /Users/tanjimhossain/Library/Caches/Coursier/v1/https/repo1.maven.org/maven2/org/scala-lang/scala3-interfaces/3.1.0/scala3-interfaces-3.1.0.jar
[0m[32m[D][0m   => /Users/tanjimhossain/Library/Caches/Coursier/v1/https/repo1.maven.org/maven2/org/scala-lang/scala3-library_3/3.1.0/scala3-library_3-3.1.0.jar
[0m[32m[D][0m   => /Users/tanjimhossain/Library/Caches/Coursier/v1/https/repo1.maven.org/maven2/org/scala-lang/scala3-tasty-inspector_3/3.1.0/scala3-tasty-inspector_3-3.1.0.jar
[0m[32m[D][0m   => /Users/tanjimhossain/Library/Caches/Coursier/v1/https/repo1.maven.org/maven2/org/scala-lang/scaladoc_3/3.1.0/scaladoc_3-3.1.0.jar
[0m[32m[D][0m   => /Users/tanjimhossain/Library/Caches/Coursier/v1/https/repo1.maven.org/maven2/org/scala-lang/tasty-core_3/3.1.0/tasty-core_3-3.1.0.jar
[0m[32m[D][0m   => /Users/tanjimhossain/Library/Caches/Coursier/v1/https/repo1.maven.org/maven2/org/scala-sbt/compiler-interface/1.3.5/compiler-interface-1.3.5.jar
[0m[32m[D][0m   => /Users/tanjimhossain/Library/Caches/Coursier/v1/https/repo1.maven.org/maven2/org/scala-sbt/util-interface/1.3.0/util-interface-1.3.0.jar
[0m[32m[D][0m   => /Users/tanjimhossain/Library/Caches/Coursier/v1/https/repo1.maven.org/maven2/org/yaml/snakeyaml/1.23/snakeyaml-1.23.jar
[0m[32m[D][0m Missing analysis file for project 'root'
[0m[32m[D][0m Missing analysis file for project 'root-test'
[0m[32m[D][0m Waiting for a connection at local:///var/folders/3r/bmpgsb7x1wvf3l0p7c0n6ms80000gn/T/bsp-launcher17884101344568038461/bsp.socket...
The server is listening for incoming connections at local:///var/folders/3r/bmpgsb7x1wvf3l0p7c0n6ms80000gn/T/bsp-launcher17884101344568038461/bsp.socket...
Starting thread that pumps stdin and redirects it to the bsp server...
Starting thread that pumps server stdout and redirects it to the client stdout...
[0m2021.11.18 13:33:41 INFO  tracing is disabled for protocol BSP, to enable tracing of incoming and outgoing JSON messages create an empty file at /Users/tanjimhossain/Library/Caches/org.scalameta.metals/bsp.trace.json[0m
[0m2021.11.18 13:33:42 INFO  Attempting to connect to the build server...[0m
Starting the bsp launcher for bloop...
Opening a bsp server connection with 'bsp --protocol local --socket /var/folders/3r/bmpgsb7x1wvf3l0p7c0n6ms80000gn/T/bsp-launcher11153738966831724652/bsp.socket'...
Waiting for the bsp connection to come up...
[0m[32m[D][0m Loading workspace settings from bloop.settings.json
[0m[32m[D][0m Waiting for a connection at local:///var/folders/3r/bmpgsb7x1wvf3l0p7c0n6ms80000gn/T/bsp-launcher11153738966831724652/bsp.socket...
The server is listening for incoming connections at local:///var/folders/3r/bmpgsb7x1wvf3l0p7c0n6ms80000gn/T/bsp-launcher11153738966831724652/bsp.socket...
Starting thread that pumps stdin and redirects it to the bsp server...
Starting thread that pumps server stdout and redirects it to the client stdout...
[0m2021.11.18 13:33:42 INFO  tracing is disabled for protocol BSP, to enable tracing of incoming and outgoing JSON messages create an empty file at /Users/tanjimhossain/Library/Caches/org.scalameta.metals/bsp.trace.json[0m
[0m2021.11.18 13:33:42 INFO  time: Connected to build server in 6.99s[0m
[0m2021.11.18 13:33:42 INFO  Connected to Build server: Bloop v1.4.9[0m
[0m2021.11.18 13:33:42 INFO  time: Imported build in 0.13s[0m
[0m2021.11.18 13:33:47 INFO  time: indexed workspace in 5.13s[0m
[0m2021.11.18 13:33:47 WARN  unsupported Scala 3.1.0[0m
[0m2021.11.18 13:33:48 INFO  compiling root (1 scala source)[0m
[0m2021.11.18 13:33:51 INFO  compiling root-test (1 scala source)[0m
[0m2021.11.18 13:33:52 INFO  no build target: using presentation compiler with only scala-library: 3.0.2[0m
[0m2021.11.18 13:34:00 INFO  time: compiled root in 12s[0m
[0m2021.11.18 13:34:00 INFO  time: compiled root-test in 9.44s[0m
[0m2021.11.18 13:46:51 WARN  no build target for: /Users/tanjimhossain/Bytes/poc-wormhole/fromscratch1/src/main/scala/bench/CtxPool.scala[0m
[0m2021.11.18 15:13:06 WARN  no build target for: /Users/tanjimhossain/Bytes/poc-wormhole/fromscratch1/build.sbt[0m
[0m2021.11.18 15:40:35 WARN  no build target for: /Users/tanjimhossain/Bytes/poc-wormhole/fromscratch1/src/main/scala/bench/CtxPool.scala[0m
Exception in thread "pool-1-thread-34" java.lang.InterruptedException
	at scala.meta.internal.metals.FutureCancelToken.checkCanceled(FutureCancelToken.scala:29)
	at scala.meta.internal.mtags.MtagsEnrichments$XtensionCancelChecker.isCancelled(MtagsEnrichments.scala:69)
	at scala.meta.internal.metals.FormattingProvider.$anonfun$isCancelled$1(FormattingProvider.scala:73)
	at scala.meta.internal.metals.FormattingProvider.$anonfun$isCancelled$1$adapted(FormattingProvider.scala:73)
	at scala.Option.exists(Option.scala:376)
	at scala.meta.internal.metals.FormattingProvider.isCancelled(FormattingProvider.scala:73)
	at scala.meta.internal.metals.FormattingProvider.$anonfun$handleMissingFile$1(FormattingProvider.scala:211)
	at scala.meta.internal.metals.FormattingProvider.$anonfun$handleMissingFile$1$adapted(FormattingProvider.scala:206)
	at scala.util.Success.$anonfun$map$1(Try.scala:255)
	at scala.util.Success.map(Try.scala:213)
	at scala.concurrent.Future.$anonfun$map$1(Future.scala:292)
	at scala.concurrent.impl.Promise.liftedTree1$1(Promise.scala:33)
	at scala.concurrent.impl.Promise.$anonfun$transform$1(Promise.scala:33)
	at scala.concurrent.impl.CallbackRunnable.run(Promise.scala:64)
	at java.base/java.util.concurrent.ThreadPoolExecutor.runWorker(ThreadPoolExecutor.java:1130)
	at java.base/java.util.concurrent.ThreadPoolExecutor$Worker.run(ThreadPoolExecutor.java:630)
	at java.base/java.lang.Thread.run(Thread.java:831)
[0m2021.11.18 18:48:58 WARN  no build target for: /Users/tanjimhossain/Bytes/poc-wormhole/fromscratch1/src/main/scala/bench/CtxPoolMain.scala[0m
Nov 18, 2021 6:51:36 PM org.eclipse.lsp4j.jsonrpc.RemoteEndpoint handleCancellation
WARNING: Unmatched cancel notification for request id 198
[0m2021.11.18 18:51:36 WARN  no build target for: /Users/tanjimhossain/Bytes/poc-wormhole/fromscratch1/src/main/scala/bench/CtxPoolMain.scala[0m
Nov 18, 2021 6:51:36 PM org.eclipse.lsp4j.jsonrpc.RemoteEndpoint handleCancellation
WARNING: Unmatched cancel notification for request id 201
[0m2021.11.18 18:51:36 WARN  no build target for: /Users/tanjimhossain/Bytes/poc-wormhole/fromscratch1/src/main/scala/bench/CtxPoolMain.scala[0m
[0m2021.11.18 18:51:41 WARN  no build target for: /Users/tanjimhossain/Bytes/poc-wormhole/fromscratch1/src/main/scala/bench/CtxPoolMain.scala[0m
